<?xml version="1.0" encoding="UTF-8"?>
<!-- Generated by org.testng.reporters.JUnitReportReporter -->
<testsuite hostname="LAPTOP-VRF7QEJL" failures="0" tests="1" name="sample.Hello" time="0.014" errors="0" timestamp="2024-11-17T23:12:16 IST" skipped="0">
  <testcase classname="sample.Hello" name="sample" time="0.014"/>
  <system-out/>
</testsuite> <!-- sample.Hello -->
